Using pre-set license
Built from '2021.2/staging' branch; Version is '2021.2.16f1 (559fc0ec6670) revision 5611456'; Using compiler version '192829333'; Build Type 'Release'
OS: 'Windows 11  (10.0.22000) 64bit Professional' Language: 'en' Physical Memory: 16309 MB
BatchMode: 1, IsHumanControllingUs: 0, StartBugReporterOnCrash: 0, Is64bit: 1, IsPro: 1

COMMAND LINE ARGUMENTS:
C:\Program Files\Unity\Hub\Editor\2021.2.16f1\Editor\Unity.exe
-adb2
-batchMode
-noUpm
-name
AssetImportWorker3
-projectPath
C:/Users/james/Documents/GitHub/Team2CommercialGamesDev/Team2ProjectFile
-logFile
Logs/AssetImportWorker3.log
-srvPort
62083
Successfully changed project path to: C:/Users/james/Documents/GitHub/Team2CommercialGamesDev/Team2ProjectFile
C:/Users/james/Documents/GitHub/Team2CommercialGamesDev/Team2ProjectFile
[UnityMemory] Configuration Parameters - Can be set up in boot.config
    "memorysetup-bucket-allocator-granularity=16"
    "memorysetup-bucket-allocator-bucket-count=8"
    "memorysetup-bucket-allocator-block-size=33554432"
    "memorysetup-bucket-allocator-block-count=8"
    "memorysetup-main-allocator-block-size=16777216"
    "memorysetup-thread-allocator-block-size=16777216"
    "memorysetup-gfx-main-allocator-block-size=16777216"
    "memorysetup-gfx-thread-allocator-block-size=16777216"
    "memorysetup-cache-allocator-block-size=4194304"
    "memorysetup-typetree-allocator-block-size=2097152"
    "memorysetup-profiler-bucket-allocator-granularity=16"
    "memorysetup-profiler-bucket-allocator-bucket-count=8"
    "memorysetup-profiler-bucket-allocator-block-size=33554432"
    "memorysetup-profiler-bucket-allocator-block-count=8"
    "memorysetup-profiler-allocator-block-size=16777216"
    "memorysetup-profiler-editor-allocator-block-size=1048576"
    "memorysetup-temp-allocator-size-main=16777216"
    "memorysetup-job-temp-allocator-block-size=2097152"
    "memorysetup-job-temp-allocator-block-size-background=1048576"
    "memorysetup-job-temp-allocator-reduction-small-platforms=262144"
    "memorysetup-temp-allocator-size-background-worker=32768"
    "memorysetup-temp-allocator-size-job-worker=262144"
    "memorysetup-temp-allocator-size-preload-manager=33554432"
    "memorysetup-temp-allocator-size-nav-mesh-worker=65536"
    "memorysetup-temp-allocator-size-audio-worker=65536"
    "memorysetup-temp-allocator-size-cloud-worker=32768"
    "memorysetup-temp-allocator-size-gi-baking-worker=262144"
    "memorysetup-temp-allocator-size-gfx=262144"
Refreshing native plugins compatible for Editor in 43.96 ms, found 3 plugins.
Preloading 0 native plugins for Editor in 0.00 ms.
Initialize engine version: 2021.2.16f1 (559fc0ec6670)
[Subsystems] Discovering subsystems at path C:/Program Files/Unity/Hub/Editor/2021.2.16f1/Editor/Data/Resources/UnitySubsystems
[Subsystems] Discovering subsystems at path C:/Users/james/Documents/GitHub/Team2CommercialGamesDev/Team2ProjectFile/Assets
GfxDevice: creating device client; threaded=0; jobified=0
Direct3D:
    Version:  Direct3D 11.0 [level 11.1]
    Renderer: NVIDIA GeForce GTX 1070 (ID=0x1b81)
    Vendor:   NVIDIA
    VRAM:     8088 MB
    Driver:   30.0.15.1123
Initialize mono
Mono path[0] = 'C:/Program Files/Unity/Hub/Editor/2021.2.16f1/Editor/Data/Managed'
Mono path[1] = 'C:/Program Files/Unity/Hub/Editor/2021.2.16f1/Editor/Data/MonoBleedingEdge/lib/mono/unityjit-win32'
Mono config path = 'C:/Program Files/Unity/Hub/Editor/2021.2.16f1/Editor/Data/MonoBleedingEdge/etc'
Using monoOptions --debugger-agent=transport=dt_socket,embedding=1,server=y,suspend=n,address=127.0.0.1:56972
Begin MonoManager ReloadAssembly
Registering precompiled unity dll's ...
Register platform support module: C:/Program Files/Unity/Hub/Editor/2021.2.16f1/Editor/Data/PlaybackEngines/WindowsStandaloneSupport/UnityEditor.WindowsStandalone.Extensions.dll
Registered in 0.006941 seconds.
Native extension for WindowsStandalone target not found
Refreshing native plugins compatible for Editor in 45.05 ms, found 3 plugins.
Preloading 0 native plugins for Editor in 0.00 ms.
Mono: successfully reloaded assembly
- Completed reload, in  0.679 seconds
Domain Reload Profiling:
	ReloadAssembly (680ms)
		BeginReloadAssembly (80ms)
			ExecutionOrderSort (0ms)
			DisableScriptedObjects (0ms)
			BackupInstance (0ms)
			ReleaseScriptingObjects (0ms)
			CreateAndSetChildDomain (1ms)
		EndReloadAssembly (473ms)
			LoadAssemblies (77ms)
			RebuildTransferFunctionScriptingTraits (0ms)
			SetupTypeCache (108ms)
			ReleaseScriptCaches (0ms)
			RebuildScriptCaches (31ms)
			SetupLoadedEditorAssemblies (273ms)
				LogAssemblyErrors (0ms)
				InitializePlatformSupportModulesInManaged (8ms)
				SetLoadedEditorAssemblies (0ms)
				RefreshPlugins (45ms)
				BeforeProcessingInitializeOnLoad (2ms)
				ProcessInitializeOnLoadAttributes (164ms)
				ProcessInitializeOnLoadMethodAttributes (53ms)
				AfterProcessingInitializeOnLoad (0ms)
				EditorAssembliesLoaded (0ms)
			ExecutionOrderSort2 (0ms)
			AwakeInstancesAfterBackupRestoration (0ms)
Platform modules already initialized, skipping
Registering precompiled user dll's ...
Registered in 0.005914 seconds.
Begin MonoManager ReloadAssembly
Native extension for WindowsStandalone target not found
Refreshing native plugins compatible for Editor in 41.48 ms, found 3 plugins.
Preloading 0 native plugins for Editor in 0.00 ms.
Mono: successfully reloaded assembly
- Completed reload, in  1.685 seconds
Domain Reload Profiling:
	ReloadAssembly (1686ms)
		BeginReloadAssembly (136ms)
			ExecutionOrderSort (0ms)
			DisableScriptedObjects (6ms)
			BackupInstance (0ms)
			ReleaseScriptingObjects (0ms)
			CreateAndSetChildDomain (24ms)
		EndReloadAssembly (1418ms)
			LoadAssemblies (95ms)
			RebuildTransferFunctionScriptingTraits (0ms)
			SetupTypeCache (212ms)
			ReleaseScriptCaches (1ms)
			RebuildScriptCaches (53ms)
			SetupLoadedEditorAssemblies (1010ms)
				LogAssemblyErrors (0ms)
				InitializePlatformSupportModulesInManaged (5ms)
				SetLoadedEditorAssemblies (0ms)
				RefreshPlugins (42ms)
				BeforeProcessingInitializeOnLoad (79ms)
				ProcessInitializeOnLoadAttributes (831ms)
				ProcessInitializeOnLoadMethodAttributes (43ms)
				AfterProcessingInitializeOnLoad (9ms)
				EditorAssembliesLoaded (0ms)
			ExecutionOrderSort2 (0ms)
			AwakeInstancesAfterBackupRestoration (6ms)
Platform modules already initialized, skipping
========================================================================
Worker process is ready to serve import requests
Launched and connected shader compiler UnityShaderCompiler.exe after 0.07 seconds
Refreshing native plugins compatible for Editor in 1.06 ms, found 3 plugins.
Preloading 0 native plugins for Editor in 0.00 ms.
Unloading 2343 Unused Serialized files (Serialized files now loaded: 0)
Unloading 29 unused Assets / (30.2 KB). Loaded Objects now: 2825.
Memory consumption went from 113.7 MB to 113.6 MB.
Total: 4.126600 ms (FindLiveObjects: 0.284300 ms CreateObjectMapping: 0.064000 ms MarkObjects: 3.741500 ms  DeleteObjects: 0.035100 ms)

AssetImportParameters requested are different than current active one (requested -> active):
  custom:video-decoder-ogg-theora: a1e56fd34408186e4bbccfd4996cb3dc -> 
  custom:container-muxer-webm: aa71ff27fc2769a1b78a27578f13a17b -> 
  custom:container-demuxer-webm: 4f35f7cbe854078d1ac9338744f61a02 -> 
  custom:video-encoder-webm-vp8: eb34c28f22e8b96e1ab97ce403110664 -> 
  custom:audio-encoder-webm-vorbis: bf7c407c2cedff20999df2af8eb42d56 -> 
  custom:framework-win-MediaFoundation: 216162199b28c13a410421893ffa2e32 -> 
  custom:container-demuxer-ogg: 62fdf1f143b41e24485cea50d1cbac27 -> 
  custom:video-decoder-webm-vp8: 9c59270c3fd7afecdb556c50c9e8de78 -> 
  custom:audio-decoder-ogg-vorbis: bf7c407c2cedff20999df2af8eb42d56 -> 
========================================================================
Received Import Request.
  Time since last request: 653215.532171 seconds.
  path: Assets/Audio/2022_A_Space_Oddity.wav
  artifactKey: Guid(d9f3de14ff653c647a2a8e2451efa01c) Importer(815301076,1909f56bfc062723c751e8b465ee728b)
Start importing Assets/Audio/2022_A_Space_Oddity.wav using Guid(d9f3de14ff653c647a2a8e2451efa01c) Importer(815301076,1909f56bfc062723c751e8b465ee728b)  -> (artifact id: 'f0b1939d67338bb2413f448b5d7f7221') in 0.161144 seconds 
========================================================================
Received Import Request.
  Time since last request: 0.000026 seconds.
  path: Assets/Audio/Kerchunk_V1 1.wav
  artifactKey: Guid(c36dc6a0867efbc4fadcecadd62ae6ea) Importer(815301076,1909f56bfc062723c751e8b465ee728b)
Start importing Assets/Audio/Kerchunk_V1 1.wav using Guid(c36dc6a0867efbc4fadcecadd62ae6ea) Importer(815301076,1909f56bfc062723c751e8b465ee728b)  -> (artifact id: '7988b1f95086925952c41f2fc4475901') in 0.016999 seconds 
========================================================================
Received Import Request.
  Time since last request: 0.000023 seconds.
  path: Assets/Audio/Door Slide.wav
  artifactKey: Guid(a956185d3c5faf8499958457aedf767a) Importer(815301076,1909f56bfc062723c751e8b465ee728b)
Start importing Assets/Audio/Door Slide.wav using Guid(a956185d3c5faf8499958457aedf767a) Importer(815301076,1909f56bfc062723c751e8b465ee728b)  -> (artifact id: '947191e90d4abd67b9ac31b2314062fc') in 0.015731 seconds 
========================================================================
Received Import Request.
  Time since last request: 347.599840 seconds.
  path: Assets/Materials/Player_Sprite_Back_2.png
  artifactKey: Guid(febaf428e10176a41949bb455ac149c1) Importer(815301076,1909f56bfc062723c751e8b465ee728b)
Start importing Assets/Materials/Player_Sprite_Back_2.png using Guid(febaf428e10176a41949bb455ac149c1) Importer(815301076,1909f56bfc062723c751e8b465ee728b)  -> (artifact id: '54e47e7450692037705c4c70494fa060') in 0.069394 seconds 
========================================================================
Received Import Request.
  Time since last request: 0.000026 seconds.
  path: Assets/Materials/Player_Sprite_Front_1.png
  artifactKey: Guid(e8544c5d864feff428535831a0008d4f) Importer(815301076,1909f56bfc062723c751e8b465ee728b)
Start importing Assets/Materials/Player_Sprite_Front_1.png using Guid(e8544c5d864feff428535831a0008d4f) Importer(815301076,1909f56bfc062723c751e8b465ee728b)  -> (artifact id: '590127430f1389e1c85437a5cb221b88') in 0.016675 seconds 
========================================================================
Received Import Request.
  Time since last request: 0.000020 seconds.
  path: Assets/Materials/Player_Sprite_Right_1.png
  artifactKey: Guid(9e6053656640b7e4b947082a54e9b319) Importer(815301076,1909f56bfc062723c751e8b465ee728b)
Start importing Assets/Materials/Player_Sprite_Right_1.png using Guid(9e6053656640b7e4b947082a54e9b319) Importer(815301076,1909f56bfc062723c751e8b465ee728b)  -> (artifact id: '4d792b03363d5495924aac7e7ba55618') in 0.015009 seconds 
========================================================================
Received Import Request.
  Time since last request: 0.000023 seconds.
  path: Assets/Materials/Player_Sprite_Left_1.png
  artifactKey: Guid(542c0d7dec7f0d24d96ea614a06ace1b) Importer(815301076,1909f56bfc062723c751e8b465ee728b)
Start importing Assets/Materials/Player_Sprite_Left_1.png using Guid(542c0d7dec7f0d24d96ea614a06ace1b) Importer(815301076,1909f56bfc062723c751e8b465ee728b)  -> (artifact id: 'ee9505dda0971869b4f2241b7ecd05aa') in 0.016157 seconds 
Editor requested this worker to shutdown with reason: Scaling down because of idle timeout
AssetImportWorker is now disconnected from the server
Process exiting
Exiting without the bug reporter. Application will terminate with return code 0